<?xml version="1.0" encoding="UTF-8"?>
<!-- Generated by org.testng.reporters.JUnitReportReporter -->
<testsuite hostname="DESKTOP-K2DMNB5" failures="0" tests="1" name="com.amazon.qa.tests.ProductListPageTest" time="31.996" errors="0" timestamp="2024-05-08T20:27:56 IST" skipped="0">
  <testcase classname="com.amazon.qa.tests.ProductListPageTest" name="SearchingForBrand" time="31.996"/>
  <system-out/>
</testsuite> <!-- com.amazon.qa.tests.ProductListPageTest -->
