<?xml version="1.0" encoding="UTF-8"?>
<!-- Generated by org.testng.reporters.JUnitReportReporter -->
<testsuite hostname="DESKTOP-K2DMNB5" failures="0" tests="1" name="com.amazon.qa.tests.LoginPageTest" time="8.104" errors="0" timestamp="2024-05-07T13:35:36 IST" skipped="0">
  <testcase classname="com.amazon.qa.tests.LoginPageTest" name="Log_in" time="8.104"/>
  <system-out/>
</testsuite> <!-- com.amazon.qa.tests.LoginPageTest -->
